[1224/140027.833:ERROR:directory_reader_win.cc(43)] FindFirstFile: 系统找不到指定的路径。 (0x3)
[1228/084540.021:ERROR:process_info.cc(359)] UncheckedAllocate
[1228/084540.060:ERROR:filesystem_win.cc(129)] GetFileAttributes C:\Users\lgs\AppData\Local\Google\Chrome\User Data\Crashpad\attachments\a37f8f0f-9d31-4f89-9bb3-d68bd103a7dc: 系统找不到指定的路径。 (0x3)
[1228/084601.133:ERROR:http_transport_win.cc(276)] WinHttpSendRequest: 操作成功完成。 (0x0)
[1228/084956.517:ERROR:process_info.cc(359)] UncheckedAllocate
[1228/085042.885:ERROR:process_info.cc(359)] UncheckedAllocate
[1228/085452.321:ERROR:process_info.cc(359)] UncheckedAllocate
[1228/085505.746:ERROR:process_info.cc(359)] UncheckedAllocate
[1228/091111.072:ERROR:directory_reader_win.cc(43)] FindFirstFile: 系统找不到指定的路径。 (0x3)
[0102/081337.771:ERROR:filesystem_win.cc(129)] GetFileAttributes C:\Users\lgs\AppData\Local\Google\Chrome\User Data\Crashpad\attachments\757c518f-e099-4263-a6d8-54647b51111a: 系统找不到指定的路径。 (0x3)
[0102/081337.780:ERROR:filesystem_win.cc(129)] GetFileAttributes C:\Users\lgs\AppData\Local\Google\Chrome\User Data\Crashpad\attachments\971c003b-5184-4611-90ac-d6c60859cdc0: 系统找不到指定的路径。 (0x3)
[0102/081337.784:ERROR:directory_reader_win.cc(43)] FindFirstFile: 系统找不到指定的路径。 (0x3)
[0105/111735.133:ERROR:process_info.cc(359)] UncheckedAllocate
[0106/131228.527:ERROR:directory_reader_win.cc(43)] FindFirstFile: 系统找不到指定的路径。 (0x3)
[0106/173751.260:ERROR:process_reader_win.cc(151)] SuspendThread: 拒绝访问。 (0x5)
[0106/173751.432:ERROR:process_reader_win.cc(151)] SuspendThread: 拒绝访问。 (0x5)
[0106/173751.432:ERROR:process_reader_win.cc(151)] SuspendThread: 拒绝访问。 (0x5)
[0106/173751.432:ERROR:process_reader_win.cc(151)] SuspendThread: 拒绝访问。 (0x5)
[0106/173751.432:ERROR:process_reader_win.cc(151)] SuspendThread: 拒绝访问。 (0x5)
[0106/173751.432:ERROR:process_reader_win.cc(151)] SuspendThread: 拒绝访问。 (0x5)
[0106/173751.432:ERROR:process_reader_win.cc(151)] SuspendThread: 拒绝访问。 (0x5)
[0106/173751.432:ERROR:process_reader_win.cc(151)] SuspendThread: 拒绝访问。 (0x5)
[0106/173751.432:ERROR:process_reader_win.cc(151)] SuspendThread: 拒绝访问。 (0x5)
[0106/173751.432:ERROR:process_reader_win.cc(151)] SuspendThread: 拒绝访问。 (0x5)
[0106/173751.432:ERROR:process_reader_win.cc(151)] SuspendThread: 拒绝访问。 (0x5)
[0106/173751.432:ERROR:process_reader_win.cc(151)] SuspendThread: 拒绝访问。 (0x5)
[0106/173751.432:ERROR:process_reader_win.cc(151)] SuspendThread: 拒绝访问。 (0x5)
[0106/173751.432:ERROR:process_reader_win.cc(151)] SuspendThread: 拒绝访问。 (0x5)
[0106/173751.432:ERROR:process_reader_win.cc(151)] SuspendThread: 拒绝访问。 (0x5)
[0106/173751.432:ERROR:process_reader_win.cc(123)] NtOpenThread: {无法访问} 过程已请求访问一对象，但未给访问权限。 (0xc0000022)
[0106/173751.494:ERROR:exception_snapshot_win.cc(99)] thread ID 43908 not found in process
[0107/093813.047:ERROR:directory_reader_win.cc(43)] FindFirstFile: 系统找不到指定的路径。 (0x3)
[0109/081111.127:ERROR:directory_reader_win.cc(43)] FindFirstFile: 系统找不到指定的路径。 (0x3)
[0111/105132.535:ERROR:directory_reader_win.cc(43)] FindFirstFile: 系统找不到指定的路径。 (0x3)
[0112/091354.732:ERROR:process_info.cc(359)] UncheckedAllocate
[0112/091700.858:ERROR:process_info.cc(359)] UncheckedAllocate
[0112/091743.277:ERROR:filesystem_win.cc(148)] DeleteFile C:\Users\lgs\AppData\Local\Google\Chrome\User Data\Crashpad\reports\75b60a6f-223b-4051-818a-c871495355d4.dmp: 另一个程序正在使用此文件，进程无法访问。 (0x20)
[0112/091743.660:ERROR:process_info.cc(359)] UncheckedAllocate
[0112/093711.803:ERROR:directory_reader_win.cc(43)] FindFirstFile: 系统找不到指定的路径。 (0x3)
[0114/162626.430:ERROR:directory_reader_win.cc(43)] FindFirstFile: 系统找不到指定的路径。 (0x3)
[0114/171105.994:ERROR:directory_reader_win.cc(43)] FindFirstFile: 系统找不到指定的路径。 (0x3)
[0114/171256.340:ERROR:process_info.cc(359)] UncheckedAllocate
[0114/171256.398:ERROR:filesystem_win.cc(129)] GetFileAttributes C:\Users\lgs\AppData\Local\Google\Chrome\User Data\Crashpad\attachments\8dafecbb-1a02-46c6-991b-34be732ebb51: 系统找不到指定的路径。 (0x3)
[0114/171256.409:ERROR:http_transport_win.cc(276)] WinHttpSendRequest: 操作成功完成。 (0x0)
[0126/084744.393:ERROR:directory_reader_win.cc(43)] FindFirstFile: 系统找不到指定的路径。 (0x3)
